d:\stack\documents\visual studio (projects)\themaopdracht-gaming\flappy-bird\debug\vc142.pdb
d:\stack\documents\visual studio (projects)\themaopdracht-gaming\flappy-bird\debug\vc142.idb
d:\stack\documents\visual studio (projects)\themaopdracht-gaming\flappy-bird\debug\statemachine.obj
d:\stack\documents\visual studio (projects)\themaopdracht-gaming\flappy-bird\debug\splashstate.obj
d:\stack\documents\visual studio (projects)\themaopdracht-gaming\flappy-bird\debug\pipe.obj
d:\stack\documents\visual studio (projects)\themaopdracht-gaming\flappy-bird\debug\mainmenustate.obj
d:\stack\documents\visual studio (projects)\themaopdracht-gaming\flappy-bird\debug\main.obj
d:\stack\documents\visual studio (projects)\themaopdracht-gaming\flappy-bird\debug\land.obj
d:\stack\documents\visual studio (projects)\themaopdracht-gaming\flappy-bird\debug\inputmanager.obj
d:\stack\documents\visual studio (projects)\themaopdracht-gaming\flappy-bird\debug\hud.obj
d:\stack\documents\visual studio (projects)\themaopdracht-gaming\flappy-bird\debug\gamestate.obj
d:\stack\documents\visual studio (projects)\themaopdracht-gaming\flappy-bird\debug\gameoverstate.obj
d:\stack\documents\visual studio (projects)\themaopdracht-gaming\flappy-bird\debug\game.obj
d:\stack\documents\visual studio (projects)\themaopdracht-gaming\flappy-bird\debug\flash.obj
d:\stack\documents\visual studio (projects)\themaopdracht-gaming\flappy-bird\debug\collision.obj
d:\stack\documents\visual studio (projects)\themaopdracht-gaming\flappy-bird\debug\bird.obj
d:\stack\documents\visual studio (projects)\themaopdracht-gaming\flappy-bird\debug\assetmanager.obj
d:\stack\documents\visual studio (projects)\themaopdracht-gaming\debug\flappy-bird.ilk
d:\stack\documents\visual studio (projects)\themaopdracht-gaming\debug\flappy-bird.exe
d:\stack\documents\visual studio (projects)\themaopdracht-gaming\debug\flappy-bird.pdb
d:\stack\documents\visual studio (projects)\themaopdracht-gaming\flappy-bird\debug\flappy-bird.tlog\cl.command.1.tlog
d:\stack\documents\visual studio (projects)\themaopdracht-gaming\flappy-bird\debug\flappy-bird.tlog\cl.read.1.tlog
d:\stack\documents\visual studio (projects)\themaopdracht-gaming\flappy-bird\debug\flappy-bird.tlog\cl.write.1.tlog
d:\stack\documents\visual studio (projects)\themaopdracht-gaming\flappy-bird\debug\flappy-bird.tlog\link.command.1.tlog
d:\stack\documents\visual studio (projects)\themaopdracht-gaming\flappy-bird\debug\flappy-bird.tlog\link.read.1.tlog
d:\stack\documents\visual studio (projects)\themaopdracht-gaming\flappy-bird\debug\flappy-bird.tlog\link.write.1.tlog
