d:\stack\documents\visual studio (projects)\themaopdracht-gaming\helicopter-academy\debug\vc142.pdb
d:\stack\documents\visual studio (projects)\themaopdracht-gaming\helicopter-academy\debug\vc142.idb
d:\stack\documents\visual studio (projects)\themaopdracht-gaming\helicopter-academy\debug\main.obj
d:\stack\documents\visual studio (projects)\themaopdracht-gaming\helicopter-academy\debug\splash_state.obj
d:\stack\documents\visual studio (projects)\themaopdracht-gaming\helicopter-academy\debug\main_menu_state.obj
d:\stack\documents\visual studio (projects)\themaopdracht-gaming\helicopter-academy\debug\wall.obj
d:\stack\documents\visual studio (projects)\themaopdracht-gaming\helicopter-academy\debug\score_display.obj
d:\stack\documents\visual studio (projects)\themaopdracht-gaming\helicopter-academy\debug\land.obj
d:\stack\documents\visual studio (projects)\themaopdracht-gaming\helicopter-academy\debug\helicopter.obj
d:\stack\documents\visual studio (projects)\themaopdracht-gaming\helicopter-academy\debug\fuel_bar.obj
d:\stack\documents\visual studio (projects)\themaopdracht-gaming\helicopter-academy\debug\fuel.obj
d:\stack\documents\visual studio (projects)\themaopdracht-gaming\helicopter-academy\debug\flash.obj
d:\stack\documents\visual studio (projects)\themaopdracht-gaming\helicopter-academy\debug\enemy.obj
d:\stack\documents\visual studio (projects)\themaopdracht-gaming\helicopter-academy\debug\collision.obj
d:\stack\documents\visual studio (projects)\themaopdracht-gaming\helicopter-academy\debug\bullet.obj
d:\stack\documents\visual studio (projects)\themaopdracht-gaming\helicopter-academy\debug\animation.obj
d:\stack\documents\visual studio (projects)\themaopdracht-gaming\helicopter-academy\debug\game_state.obj
d:\stack\documents\visual studio (projects)\themaopdracht-gaming\helicopter-academy\debug\game_over.obj
d:\stack\documents\visual studio (projects)\themaopdracht-gaming\helicopter-academy\debug\state_machine.obj
d:\stack\documents\visual studio (projects)\themaopdracht-gaming\helicopter-academy\debug\input_manager.obj
d:\stack\documents\visual studio (projects)\themaopdracht-gaming\helicopter-academy\debug\game.obj
d:\stack\documents\visual studio (projects)\themaopdracht-gaming\helicopter-academy\debug\asset_manager.obj
d:\stack\documents\visual studio (projects)\themaopdracht-gaming\debug\helicopter-academy.ilk
d:\stack\documents\visual studio (projects)\themaopdracht-gaming\debug\helicopter-academy.exe
d:\stack\documents\visual studio (projects)\themaopdracht-gaming\debug\helicopter-academy.pdb
d:\stack\documents\visual studio (projects)\themaopdracht-gaming\helicopter-academy\debug\helicopt.94312790.tlog\cl.command.1.tlog
d:\stack\documents\visual studio (projects)\themaopdracht-gaming\helicopter-academy\debug\helicopt.94312790.tlog\cl.read.1.tlog
d:\stack\documents\visual studio (projects)\themaopdracht-gaming\helicopter-academy\debug\helicopt.94312790.tlog\cl.write.1.tlog
d:\stack\documents\visual studio (projects)\themaopdracht-gaming\helicopter-academy\debug\helicopt.94312790.tlog\link.command.1.tlog
d:\stack\documents\visual studio (projects)\themaopdracht-gaming\helicopter-academy\debug\helicopt.94312790.tlog\link.read.1.tlog
d:\stack\documents\visual studio (projects)\themaopdracht-gaming\helicopter-academy\debug\helicopt.94312790.tlog\link.write.1.tlog
